[2015-07-22 17:50:43] myapp.INFO: Matched route "index". {"route_parameters":{"_controller":"MyXing\\Controller\\IndexController::index","_route":"index"},"request_uri":"http://localhost:8888/"} []
[2015-07-22 17:50:43] myapp.DEBUG: > GET / [] []
[2015-07-22 17:50:43] myapp.DEBUG: < 200 [] []
[2015-07-22 17:50:43] myapp.INFO: Matched route "index". {"route_parameters":{"_controller":"MyXing\\Controller\\IndexController::index","_route":"index"},"request_uri":"http://localhost:8888/css/bootstrap.min.css/"} []
[2015-07-22 17:50:43] myapp.DEBUG: > GET /css/bootstrap.min.css [] []
[2015-07-22 17:50:43] myapp.DEBUG: < 200 [] []
[2015-07-22 17:50:43] myapp.INFO: Matched route "index". {"route_parameters":{"_controller":"MyXing\\Controller\\IndexController::index","_route":"index"},"request_uri":"http://localhost:8888/css/template.css/"} []
[2015-07-22 17:50:43] myapp.DEBUG: > GET /css/template.css [] []
[2015-07-22 17:50:43] myapp.DEBUG: < 200 [] []
[2015-07-22 17:50:48] myapp.INFO: Matched route "index". {"route_parameters":{"_controller":"MyXing\\Controller\\IndexController::index","_route":"index"},"request_uri":"http://localhost:8888/"} []
[2015-07-22 17:50:48] myapp.DEBUG: > GET / [] []
[2015-07-22 17:50:48] myapp.DEBUG: < 200 [] []
[2015-07-22 17:50:48] myapp.INFO: Matched route "index". {"route_parameters":{"_controller":"MyXing\\Controller\\IndexController::index","_route":"index"},"request_uri":"http://localhost:8888/css/bootstrap.min.css/"} []
[2015-07-22 17:50:48] myapp.DEBUG: > GET /css/bootstrap.min.css [] []
[2015-07-22 17:50:48] myapp.DEBUG: < 200 [] []
[2015-07-22 17:50:48] myapp.INFO: Matched route "index". {"route_parameters":{"_controller":"MyXing\\Controller\\IndexController::index","_route":"index"},"request_uri":"http://localhost:8888/css/template.css/"} []
[2015-07-22 17:50:48] myapp.DEBUG: > GET /css/template.css [] []
[2015-07-22 17:50:49] myapp.DEBUG: < 200 [] []
[2015-07-22 17:50:54] myapp.INFO: Matched route "login". {"route_parameters":{"_controller":"MyXing\\Controller\\AuthController::login","_route":"login"},"request_uri":"http://localhost:8888/auth/login"} []
[2015-07-22 17:50:54] myapp.DEBUG: > GET /auth/login [] []
[2015-07-22 17:51:07] myapp.INFO: Matched route "index". {"route_parameters":{"_controller":"MyXing\\Controller\\IndexController::index","_route":"index"},"request_uri":"http://localhost:8888/"} []
[2015-07-22 17:51:07] myapp.DEBUG: > GET / [] []
[2015-07-22 17:51:07] myapp.DEBUG: < 200 [] []
[2015-07-22 17:51:07] myapp.INFO: Matched route "index". {"route_parameters":{"_controller":"MyXing\\Controller\\IndexController::index","_route":"index"},"request_uri":"http://localhost:8888/css/bootstrap.min.css/"} []
[2015-07-22 17:51:07] myapp.DEBUG: > GET /css/bootstrap.min.css [] []
[2015-07-22 17:51:07] myapp.DEBUG: < 200 [] []
[2015-07-22 17:51:07] myapp.INFO: Matched route "index". {"route_parameters":{"_controller":"MyXing\\Controller\\IndexController::index","_route":"index"},"request_uri":"http://localhost:8888/css/template.css/"} []
[2015-07-22 17:51:07] myapp.DEBUG: > GET /css/template.css [] []
[2015-07-22 17:51:07] myapp.DEBUG: < 200 [] []
[2015-07-22 17:52:11] myapp.INFO: Matched route "index". {"route_parameters":{"_controller":"MyXing\\Controller\\IndexController::index","_route":"index"},"request_uri":"http://localhost:8888/"} []
[2015-07-22 17:52:11] myapp.DEBUG: > GET / [] []
[2015-07-22 17:52:11] myapp.DEBUG: < 200 [] []
[2015-07-22 17:52:11] myapp.INFO: Matched route "index". {"route_parameters":{"_controller":"MyXing\\Controller\\IndexController::index","_route":"index"},"request_uri":"http://localhost:8888/css/bootstrap.min.css/"} []
[2015-07-22 17:52:11] myapp.DEBUG: > GET /css/bootstrap.min.css [] []
[2015-07-22 17:52:11] myapp.DEBUG: < 200 [] []
[2015-07-22 17:52:11] myapp.INFO: Matched route "index". {"route_parameters":{"_controller":"MyXing\\Controller\\IndexController::index","_route":"index"},"request_uri":"http://localhost:8888/css/template.css/"} []
[2015-07-22 17:52:11] myapp.DEBUG: > GET /css/template.css [] []
[2015-07-22 17:52:11] myapp.DEBUG: < 200 [] []
[2015-07-22 17:52:24] myapp.INFO: Matched route "index". {"route_parameters":{"_controller":"MyXing\\Controller\\IndexController::index","_route":"index"},"request_uri":"http://localhost:8888/"} []
[2015-07-22 17:52:24] myapp.DEBUG: > GET / [] []
[2015-07-22 17:52:24] myapp.DEBUG: < 200 [] []
[2015-07-22 17:52:24] myapp.INFO: Matched route "index". {"route_parameters":{"_controller":"MyXing\\Controller\\IndexController::index","_route":"index"},"request_uri":"http://localhost:8888/css/bootstrap.min.css/"} []
[2015-07-22 17:52:24] myapp.DEBUG: > GET /css/bootstrap.min.css [] []
[2015-07-22 17:52:24] myapp.DEBUG: < 200 [] []
[2015-07-22 17:52:24] myapp.INFO: Matched route "index". {"route_parameters":{"_controller":"MyXing\\Controller\\IndexController::index","_route":"index"},"request_uri":"http://localhost:8888/css/template.css/"} []
[2015-07-22 17:52:24] myapp.DEBUG: > GET /css/template.css [] []
[2015-07-22 17:52:24] myapp.DEBUG: < 200 [] []
[2015-07-22 17:52:32] myapp.INFO: Matched route "index". {"route_parameters":{"_controller":"MyXing\\Controller\\IndexController::index","_route":"index"},"request_uri":"http://localhost:8888/css/bootstrap.min.css/"} []
[2015-07-22 17:52:32] myapp.DEBUG: > GET /css/bootstrap.min.css [] []
[2015-07-22 17:52:32] myapp.DEBUG: < 200 [] []
[2015-07-22 17:52:32] myapp.INFO: Matched route "index". {"route_parameters":{"_controller":"MyXing\\Controller\\IndexController::index","_route":"index"},"request_uri":"http://localhost:8888/css/template.css/"} []
[2015-07-22 17:52:32] myapp.DEBUG: > GET /css/template.css [] []
[2015-07-22 17:52:32] myapp.DEBUG: < 200 [] []
[2015-07-22 17:52:32] myapp.INFO: Matched route "index". {"route_parameters":{"_controller":"MyXing\\Controller\\IndexController::index","_route":"index"},"request_uri":"http://localhost:8888/css/bootstrap.min.css/"} []
[2015-07-22 17:52:32] myapp.DEBUG: > GET /css/bootstrap.min.css [] []
[2015-07-22 17:52:32] myapp.DEBUG: < 200 [] []
[2015-07-22 17:52:35] myapp.INFO: Matched route "index". {"route_parameters":{"_controller":"MyXing\\Controller\\IndexController::index","_route":"index"},"request_uri":"http://localhost:8888/css/bootstrap.min.css/"} []
[2015-07-22 17:52:35] myapp.DEBUG: > GET /css/bootstrap.min.css [] []
[2015-07-22 17:52:35] myapp.DEBUG: < 200 [] []
[2015-07-22 17:52:35] myapp.INFO: Matched route "index". {"route_parameters":{"_controller":"MyXing\\Controller\\IndexController::index","_route":"index"},"request_uri":"http://localhost:8888/css/template.css/"} []
[2015-07-22 17:52:35] myapp.DEBUG: > GET /css/template.css [] []
[2015-07-22 17:52:35] myapp.DEBUG: < 200 [] []
[2015-07-22 17:52:35] myapp.INFO: Matched route "index". {"route_parameters":{"_controller":"MyXing\\Controller\\IndexController::index","_route":"index"},"request_uri":"http://localhost:8888/css/bootstrap.min.css/"} []
[2015-07-22 17:52:35] myapp.DEBUG: > GET /css/bootstrap.min.css [] []
[2015-07-22 17:52:35] myapp.DEBUG: < 200 [] []
[2015-07-22 17:52:53] myapp.INFO: Matched route "index". {"route_parameters":{"_controller":"MyXing\\Controller\\IndexController::index","_route":"index"},"request_uri":"http://localhost:8888/css/bootstrap.min.css/"} []
[2015-07-22 17:52:53] myapp.DEBUG: > GET /css/bootstrap.min.css [] []
[2015-07-22 17:52:53] myapp.DEBUG: < 200 [] []
[2015-07-22 17:52:53] myapp.INFO: Matched route "index". {"route_parameters":{"_controller":"MyXing\\Controller\\IndexController::index","_route":"index"},"request_uri":"http://localhost:8888/css/bootstrap.min.css/"} []
[2015-07-22 17:52:53] myapp.DEBUG: > GET /css/bootstrap.min.css [] []
[2015-07-22 17:52:53] myapp.DEBUG: < 200 [] []
[2015-07-22 17:52:53] myapp.INFO: Matched route "index". {"route_parameters":{"_controller":"MyXing\\Controller\\IndexController::index","_route":"index"},"request_uri":"http://localhost:8888/css/template.css/"} []
[2015-07-22 17:52:53] myapp.DEBUG: > GET /css/template.css [] []
[2015-07-22 17:52:53] myapp.DEBUG: < 200 [] []
[2015-07-22 17:56:53] myapp.INFO: Matched route "index". {"route_parameters":{"_controller":"MyXing\\Controller\\IndexController::index","_route":"index"},"request_uri":"http://localhost:8888/"} []
[2015-07-22 17:56:53] myapp.DEBUG: > GET / [] []
[2015-07-22 17:56:53] myapp.DEBUG: < 200 [] []
[2015-07-22 17:56:59] myapp.INFO: Matched route "login". {"route_parameters":{"_controller":"MyXing\\Controller\\AuthController::login","_route":"login"},"request_uri":"http://localhost:8888/auth/login"} []
[2015-07-22 17:56:59] myapp.DEBUG: > GET /auth/login [] []
